<?xml version="1.0" encoding="UTF-8"?>
<testsuite name="apiauto.APITest" tests="1" skipped="0" failures="0" errors="0" timestamp="2023-11-29T16:09:02" hostname="HANDRI_ASYRAFI" time="4.176">
  <properties/>
  <testcase name="testDeleteUser" classname="apiauto.APITest" time="4.176"/>
  <system-out><![CDATA[HTTP/1.1 204 No Content
Date: Wed, 29 Nov 2023 16:09:09 GMT
Content-Length: 0
Connection: keep-alive
Report-To: {"group":"heroku-nel","max_age":3600,"endpoints":[{"url":"https://nel.heroku.com/reports?ts=1701274149&sid=c4c9725f-1ab0-44d8-820f-430df2718e11&s=v6I83Gwz5mRlQpH1YKx4G1VajJzEnKwXoyM9LpnzV88%3D"}]}
Reporting-Endpoints: heroku-nel=https://nel.heroku.com/reports?ts=1701274149&sid=c4c9725f-1ab0-44d8-820f-430df2718e11&s=v6I83Gwz5mRlQpH1YKx4G1VajJzEnKwXoyM9LpnzV88%3D
Nel: {"report_to":"heroku-nel","max_age":3600,"success_fraction":0.005,"failure_fraction":0.05,"response_headers":["Via"]}
X-Powered-By: Express
Access-Control-Allow-Origin: *
Etag: W/"2-vyGp6PvFo4RvsFtPoIWeCReyIC8"
Via: 1.1 vegur
CF-Cache-Status: DYNAMIC
Server: cloudflare
CF-RAY: 82dc1d081d07658f-SIN
]]></system-out>
  <system-err><![CDATA[]]></system-err>
</testsuite>
